2018-12-19 11:54:25 Asia/Tokyo - requestTestAction - IP[192.168.56.1]: Array
(
    [errorCode] => 0
)
Array
(
    [event] => requestTest
    [token] => token_basic
)

2018-12-26 15:55:36 - requestTestAction - IP[192.168.56.1]: Array
(
    [errorCode] => 0
)
Array
(
    [event] => requestTest
    [token] => token_basic
)

2018-12-26 16:00:45 - requestTestAction - IP[192.168.56.1]: Array
(
    [errorCode] => 0
    [messages] => Array
        (
            [success] => ApiBasic request completed.
        )

)
Array
(
    [event] => requestTest
    [token] => token_basic
)

2018-12-26 16:01:10 - requestTestAction - IP[192.168.56.1]: Array
(
    [errorCode] => 0
    [messages] => Array
        (
            [success] => ApiBasic request completed.
        )

)
Array
(
    [event] => requestTest
    [token] => token_basic
)

2018-12-27 17:31:46 - requestTestAction - IP[192.168.56.1]: Array
(
    [errorCode] => 0
    [messages] => Array
        (
            [success] => ApiBasic request completed.
        )

)
Array
(
    [event] => requestTest
    [token] => token_basic
)

2018-12-27 17:33:07 - requestTestAction - IP[192.168.56.1]: Array
(
    [errorCode] => 0
    [messages] => Array
        (
            [success] => ApiBasic request completed.
        )

)
Array
(
    [event] => requestTest
    [token] => token_basic
)

2018-12-27 17:33:55 - requestTestAction - IP[192.168.56.1]: Array
(
    [errorCode] => 0
    [messages] => Array
        (
            [success] => ApiBasic request completed.
        )

)
Array
(
    [event] => requestTest
    [token] => token_basic
)

2018-12-27 17:46:58 - requestTestAction - IP[192.168.56.1]: Array
(
    [errorCode] => 0
    [messages] => Array
        (
            [success] => ApiBasic request completed.
        )

)
Array
(
    [event] => requestTest
    [token] => token_basic
)

