2020-02-19 15:54:53 - IP[192.168.56.1]: readCsvCallback() =>Array
(
    [uploadChunk] => Array
        (
            [processFile] => Array
                (
                    [status] => complete
                    [fileName] => Test.csv
                    [fileExtension] => csv
                    [messages] => Array
                        (
                            [success] => File uploaded successfully.
                        )

                )

        )

    [processLock] => Array
        (
            [name] => Site_1_lock
        )

    [errorCode] => 100
)
